android/app/build/intermediates/manifest_merge_blame_file/release/processReleaseMainManifest/manifest-merger-blame-release-report.txt
1<?xml version="1.0" encoding="utf-8"?>
2<manifest xmlns:android="http://schemas.android.com/apk/res/android"
3    package="com.example.sendpick_app"
4    android:versionCode="1"
5    android:versionName="1.0.0" >
6
7    <uses-sdk
8        android:minSdkVersion="21"
9        android:targetSdkVersion="36" />
10
11    <queries>
11-->src\main\AndroidManifest.xml:35:5-40:15
12        <intent>
12-->src\main\AndroidManifest.xml:36:9-39:18
13            <action android:name="android.intent.action.PROCESS_TEXT" />
13-->src\main\AndroidManifest.xml:37:13-72
13-->src\main\AndroidManifest.xml:37:21-70
14
15            <data android:mimeType="text/plain" />
15-->src\main\AndroidManifest.xml:38:13-50
15-->src\main\AndroidManifest.xml:38:19-48
16        </intent>
17    </queries>
18
19    <uses-permission android:name="android.permission.ACCESS_FINE_LOCATION" />
19-->src\main\AndroidManifest.xml:42:5-79
19-->src\main\AndroidManifest.xml:42:22-76
20    <uses-permission android:name="android.permission.ACCESS_COARSE_LOCATION" />
20-->src\main\AndroidManifest.xml:43:5-81
20-->src\main\AndroidManifest.xml:43:22-78
21    <uses-permission android:name="android.permission.INTERNET" />
21-->src\main\AndroidManifest.xml:44:5-66
21-->src\main\AndroidManifest.xml:44:22-64
22    <uses-permission android:name="android.permission.ACCESS_NETWORK_STATE" />
22-->src\main\AndroidManifest.xml:45:5-78
22-->src\main\AndroidManifest.xml:45:22-76
23    <uses-permission android:name="android.permission.CAMERA" />
23-->src\main\AndroidManifest.xml:47:5-64
23-->src\main\AndroidManifest.xml:47:22-62
24
25    <uses-feature android:name="android.hardware.camera" />
25-->src\main\AndroidManifest.xml:48:5-60
25-->src\main\AndroidManifest.xml:48:19-57
26    <uses-feature android:name="android.hardware.camera.autofocus" />
26-->src\main\AndroidManifest.xml:49:5-70
26-->src\main\AndroidManifest.xml:49:19-67
27
28    <uses-permission android:name="android.permission.RECORD_AUDIO" />
28-->[:camera_android] AndroidManifest.xml:8:5-71
28-->[:camera_android] AndroidManifest.xml:8:22-68
29
30    <permission
30-->[androidx.core:core:1.13.1] AndroidManifest.xml:22:5-24:47
31        android:name="com.example.sendpick_app.DYNAMIC_RECEIVER_NOT_EXPORTED_PERMISSION"
31-->[androidx.core:core:1.13.1] AndroidManifest.xml:23:9-81
32        android:protectionLevel="signature" />
32-->[androidx.core:core:1.13.1] AndroidManifest.xml:24:9-44
33
34    <uses-permission android:name="com.example.sendpick_app.DYNAMIC_RECEIVER_NOT_EXPORTED_PERMISSION" />
34-->[androidx.core:core:1.13.1] AndroidManifest.xml:26:5-97
34-->[androidx.core:core:1.13.1] AndroidManifest.xml:26:22-94
35
36    <application
37        android:name="android.app.Application"
37-->src\main\AndroidManifest.xml:4:9-42
38        android:appComponentFactory="androidx.core.app.CoreComponentFactory"
38-->[androidx.core:core:1.13.1] AndroidManifest.xml:28:18-86
39        android:extractNativeLibs="true"
40        android:icon="@mipmap/ic_launcher"
40-->src\main\AndroidManifest.xml:5:9-43
41        android:label="sendpick_app" >
41-->src\main\AndroidManifest.xml:3:9-37
42
43        <!-- Google Maps API Key -->
44        <meta-data
44-->src\main\AndroidManifest.xml:8:9-10:70
45            android:name="com.google.android.geo.API_KEY"
45-->src\main\AndroidManifest.xml:9:13-58
46            android:value="AIzaSyAVn_P2YfZuVpiDwA54i_OpR_ffOTljRR4" />
46-->src\main\AndroidManifest.xml:10:13-68
47
48        <activity
48-->src\main\AndroidManifest.xml:12:9-29:20
49            android:name="com.example.sendpick_app.MainActivity"
49-->src\main\AndroidManifest.xml:13:13-41
50            android:configChanges="orientation|keyboardHidden|keyboard|screenSize|smallestScreenSize|locale|layoutDirection|fontScale|screenLayout|density|uiMode"
50-->src\main\AndroidManifest.xml:18:13-163
51            android:exported="true"
51-->src\main\AndroidManifest.xml:14:13-36
52            android:hardwareAccelerated="true"
52-->src\main\AndroidManifest.xml:19:13-47
53            android:launchMode="singleTop"
53-->src\main\AndroidManifest.xml:15:13-43
54            android:taskAffinity=""
54-->src\main\AndroidManifest.xml:16:13-36
55            android:theme="@style/LaunchTheme"
55-->src\main\AndroidManifest.xml:17:13-47
56            android:windowSoftInputMode="adjustResize" >
56-->src\main\AndroidManifest.xml:20:13-55
57            <meta-data
57-->src\main\AndroidManifest.xml:21:13-24:17
58                android:name="io.flutter.embedding.android.NormalTheme"
58-->src\main\AndroidManifest.xml:22:15-70
59                android:resource="@style/NormalTheme" />
59-->src\main\AndroidManifest.xml:23:15-52
60
61            <intent-filter>
61-->src\main\AndroidManifest.xml:25:13-28:29
62                <action android:name="android.intent.action.MAIN" />
62-->src\main\AndroidManifest.xml:26:17-68
62-->src\main\AndroidManifest.xml:26:25-66
63
64                <category android:name="android.intent.category.LAUNCHER" />
64-->src\main\AndroidManifest.xml:27:17-76
64-->src\main\AndroidManifest.xml:27:27-74
65            </intent-filter>
66        </activity>
67
68        <meta-data
68-->src\main\AndroidManifest.xml:30:9-32:33
69            android:name="flutterEmbedding"
69-->src\main\AndroidManifest.xml:31:13-44
70            android:value="2" />
70-->src\main\AndroidManifest.xml:32:13-30
71
72        <service
72-->[:geolocator_android] AndroidManifest.xml:8:9-12:56
73            android:name="com.baseflow.geolocator.GeolocatorLocationService"
73-->[:geolocator_android] AndroidManifest.xml:9:13-77
74            android:enabled="true"
74-->[:geolocator_android] AndroidManifest.xml:10:13-35
75            android:exported="false"
75-->[:geolocator_android] AndroidManifest.xml:11:13-37
76            android:foregroundServiceType="location" />
76-->[:geolocator_android] AndroidManifest.xml:12:13-53
77
78        <provider
78-->[:image_picker_android] AndroidManifest.xml:9:9-17:20
79            android:name="io.flutter.plugins.imagepicker.ImagePickerFileProvider"
79-->[:image_picker_android] AndroidManifest.xml:10:13-82
80            android:authorities="com.example.sendpick_app.flutter.image_provider"
80-->[:image_picker_android] AndroidManifest.xml:11:13-74
81            android:exported="false"
81-->[:image_picker_android] AndroidManifest.xml:12:13-37
82            android:grantUriPermissions="true" >
82-->[:image_picker_android] AndroidManifest.xml:13:13-47
83            <meta-data
83-->[:image_picker_android] AndroidManifest.xml:14:13-16:75
84                android:name="android.support.FILE_PROVIDER_PATHS"
84-->[:image_picker_android] AndroidManifest.xml:15:17-67
85                android:resource="@xml/flutter_image_picker_file_paths" />
85-->[:image_picker_android] AndroidManifest.xml:16:17-72
86        </provider> <!-- Trigger Google Play services to install the backported photo picker module. -->
87        <service
87-->[:image_picker_android] AndroidManifest.xml:19:9-31:19
88            android:name="com.google.android.gms.metadata.ModuleDependencies"
88-->[:image_picker_android] AndroidManifest.xml:20:13-78
89            android:enabled="false"
89-->[:image_picker_android] AndroidManifest.xml:21:13-36
90            android:exported="false" >
90-->[:image_picker_android] AndroidManifest.xml:22:13-37
91            <intent-filter>
91-->[:image_picker_android] AndroidManifest.xml:24:13-26:29
92                <action android:name="com.google.android.gms.metadata.MODULE_DEPENDENCIES" />
92-->[:image_picker_android] AndroidManifest.xml:25:17-94
92-->[:image_picker_android] AndroidManifest.xml:25:25-91
93            </intent-filter>
94
95            <meta-data
95-->[:image_picker_android] AndroidManifest.xml:28:13-30:36
96                android:name="photopicker_activity:0:required"
96-->[:image_picker_android] AndroidManifest.xml:29:17-63
97                android:value="" />
97-->[:image_picker_android] AndroidManifest.xml:30:17-33
98        </service>
99
100        <activity
100-->[com.google.android.gms:play-services-base:18.3.0] AndroidManifest.xml:20:9-22:45
101            android:name="com.google.android.gms.common.api.GoogleApiActivity"
101-->[com.google.android.gms:play-services-base:18.3.0] AndroidManifest.xml:20:19-85
102            android:exported="false"
102-->[com.google.android.gms:play-services-base:18.3.0] AndroidManifest.xml:22:19-43
103            android:theme="@android:style/Theme.Translucent.NoTitleBar" />
103-->[com.google.android.gms:play-services-base:18.3.0] AndroidManifest.xml:21:19-78
104
105        <meta-data
105-->[com.google.android.gms:play-services-basement:18.3.0] AndroidManifest.xml:21:9-23:69
106            android:name="com.google.android.gms.version"
106-->[com.google.android.gms:play-services-basement:18.3.0] AndroidManifest.xml:22:13-58
107            android:value="@integer/google_play_services_version" />
107-->[com.google.android.gms:play-services-basement:18.3.0] AndroidManifest.xml:23:13-66
108
109        <uses-library
109-->[androidx.window:window:1.2.0] AndroidManifest.xml:23:9-25:40
110            android:name="androidx.window.extensions"
110-->[androidx.window:window:1.2.0] AndroidManifest.xml:24:13-54
111            android:required="false" />
111-->[androidx.window:window:1.2.0] AndroidManifest.xml:25:13-37
112        <uses-library
112-->[androidx.window:window:1.2.0] AndroidManifest.xml:26:9-28:40
113            android:name="androidx.window.sidecar"
113-->[androidx.window:window:1.2.0] AndroidManifest.xml:27:13-51
114            android:required="false" />
114-->[androidx.window:window:1.2.0] AndroidManifest.xml:28:13-37
115
116        <provider
116-->[androidx.lifecycle:lifecycle-process:2.7.0] AndroidManifest.xml:24:9-32:20
117            android:name="androidx.startup.InitializationProvider"
117-->[androidx.lifecycle:lifecycle-process:2.7.0] AndroidManifest.xml:25:13-67
118            android:authorities="com.example.sendpick_app.androidx-startup"
118-->[androidx.lifecycle:lifecycle-process:2.7.0] AndroidManifest.xml:26:13-68
119            android:exported="false" >
119-->[androidx.lifecycle:lifecycle-process:2.7.0] AndroidManifest.xml:27:13-37
120            <meta-data
120-->[androidx.lifecycle:lifecycle-process:2.7.0] AndroidManifest.xml:29:13-31:52
121                android:name="androidx.lifecycle.ProcessLifecycleInitializer"
121-->[androidx.lifecycle:lifecycle-process:2.7.0] AndroidManifest.xml:30:17-78
122                android:value="androidx.startup" />
122-->[androidx.lifecycle:lifecycle-process:2.7.0] AndroidManifest.xml:31:17-49
123            <meta-data
123-->[androidx.profileinstaller:profileinstaller:1.4.0] AndroidManifest.xml:29:13-31:52
124                android:name="androidx.profileinstaller.ProfileInstallerInitializer"
124-->[androidx.profileinstaller:profileinstaller:1.4.0] AndroidManifest.xml:30:17-85
125                android:value="androidx.startup" />
125-->[androidx.profileinstaller:profileinstaller:1.4.0] AndroidManifest.xml:31:17-49
126        </provider>
127
128        <receiver
128-->[androidx.profileinstaller:profileinstaller:1.4.0] AndroidManifest.xml:34:9-52:20
129            android:name="androidx.profileinstaller.ProfileInstallReceiver"
129-->[androidx.profileinstaller:profileinstaller:1.4.0] AndroidManifest.xml:35:13-76
130            android:directBootAware="false"
130-->[androidx.profileinstaller:profileinstaller:1.4.0] AndroidManifest.xml:36:13-44
131            android:enabled="true"
131-->[androidx.profileinstaller:profileinstaller:1.4.0] AndroidManifest.xml:37:13-35
132            android:exported="true"
132-->[androidx.profileinstaller:profileinstaller:1.4.0] AndroidManifest.xml:38:13-36
133            android:permission="android.permission.DUMP" >
133-->[androidx.profileinstaller:profileinstaller:1.4.0] AndroidManifest.xml:39:13-57
134            <intent-filter>
134-->[androidx.profileinstaller:profileinstaller:1.4.0] AndroidManifest.xml:40:13-42:29
135                <action android:name="androidx.profileinstaller.action.INSTALL_PROFILE" />
135-->[androidx.profileinstaller:profileinstaller:1.4.0] AndroidManifest.xml:41:17-91
135-->[androidx.profileinstaller:profileinstaller:1.4.0] AndroidManifest.xml:41:25-88
136            </intent-filter>
137            <intent-filter>
137-->[androidx.profileinstaller:profileinstaller:1.4.0] AndroidManifest.xml:43:13-45:29
138                <action android:name="androidx.profileinstaller.action.SKIP_FILE" />
138-->[androidx.profileinstaller:profileinstaller:1.4.0] AndroidManifest.xml:44:17-85
138-->[androidx.profileinstaller:profileinstaller:1.4.0] AndroidManifest.xml:44:25-82
139            </intent-filter>
140            <intent-filter>
140-->[androidx.profileinstaller:profileinstaller:1.4.0] AndroidManifest.xml:46:13-48:29
141                <action android:name="androidx.profileinstaller.action.SAVE_PROFILE" />
141-->[androidx.profileinstaller:profileinstaller:1.4.0] AndroidManifest.xml:47:17-88
141-->[androidx.profileinstaller:profileinstaller:1.4.0] AndroidManifest.xml:47:25-85
142            </intent-filter>
143            <intent-filter>
143-->[androidx.profileinstaller:profileinstaller:1.4.0] AndroidManifest.xml:49:13-51:29
144                <action android:name="androidx.profileinstaller.action.BENCHMARK_OPERATION" />
144-->[androidx.profileinstaller:profileinstaller:1.4.0] AndroidManifest.xml:50:17-95
144-->[androidx.profileinstaller:profileinstaller:1.4.0] AndroidManifest.xml:50:25-92
145            </intent-filter>
146        </receiver>
147    </application>
148
149</manifest>